WARNING 2020-12-03 19:09:22,552 base 93 Not Found: /
WARNING 2020-12-03 19:09:22,553 basehttp 124 "GET / HTTP/1.1" 404 2048
WARNING 2020-12-03 19:09:22,709 base 93 Not Found: /favicon.ico
WARNING 2020-12-03 19:09:22,710 basehttp 124 "GET /favicon.ico HTTP/1.1" 404 2099
WARNING 2020-12-03 19:09:27,660 base 93 Not Found: /graphql
WARNING 2020-12-03 19:09:27,661 basehttp 124 "GET /graphql HTTP/1.1" 404 2087
ERROR 2020-12-03 19:09:28,087 exception 118 Internal Server Error: /admin/
Traceback (most recent call last):
  File "E:\djangoenv\TestDemo\lib\site-packages\django\contrib\sessions\backends\base.py", line 191, in _get_session
    return self._session_cache
AttributeError: 'SessionStore' object has no attribute '_session_cache'

During handling of the above exception, another exception occurred:

Traceback (most recent call last):
  File "E:\djangoenv\TestDemo\lib\site-packages\django\db\backends\utils.py", line 85, in _execute
    return self.cursor.execute(sql, params)
  File "E:\djangoenv\TestDemo\lib\site-packages\django\db\backends\mysql\base.py", line 71, in execute
    return self.cursor.execute(query, args)
  File "E:\djangoenv\TestDemo\lib\site-packages\MySQLdb\cursors.py", line 206, in execute
    res = self._query(query)
  File "E:\djangoenv\TestDemo\lib\site-packages\MySQLdb\cursors.py", line 319, in _query
    db.query(q)
  File "E:\djangoenv\TestDemo\lib\site-packages\MySQLdb\connections.py", line 259, in query
    _mysql.connection.query(self, query)
MySQLdb._exceptions.ProgrammingError: (1146, "Table 'baizhiedu.django_session' doesn't exist")

The above exception was the direct cause of the following exception:

Traceback (most recent call last):
  File "E:\djangoenv\TestDemo\lib\site-packages\django\core\handlers\exception.py", line 35, in inner
    response = get_response(request)
  File "E:\djangoenv\TestDemo\lib\site-packages\django\core\handlers\base.py", line 128, in _get_response
    response = self.process_exception_by_middleware(e, request)
  File "E:\djangoenv\TestDemo\lib\site-packages\django\core\handlers\base.py", line 126, in _get_response
    response = wrapped_callback(request, *callback_args, **callback_kwargs)
  File "E:\djangoenv\TestDemo\lib\site-packages\xadmin\sites.py", line 300, in wrapper
    return self.admin_view(view, cacheable)(*args, **kwargs)
  File "E:\djangoenv\TestDemo\lib\site-packages\django\views\decorators\cache.py", line 44, in _wrapped_view_func
    response = view_func(request, *args, **kwargs)
  File "E:\djangoenv\TestDemo\lib\site-packages\xadmin\sites.py", line 206, in inner
    if not self.has_permission(request) and getattr(view, 'need_site_permission', True):
  File "E:\djangoenv\TestDemo\lib\site-packages\xadmin\sites.py", line 161, in has_permission
    return request.user.is_active and request.user.is_staff
  File "E:\djangoenv\TestDemo\lib\site-packages\django\utils\functional.py", line 215, in inner
    self._setup()
  File "E:\djangoenv\TestDemo\lib\site-packages\django\utils\functional.py", line 349, in _setup
    self._wrapped = self._setupfunc()
  File "E:\djangoenv\TestDemo\lib\site-packages\django\contrib\auth\middleware.py", line 24, in <lambda>
    request.user = SimpleLazyObject(lambda: get_user(request))
  File "E:\djangoenv\TestDemo\lib\site-packages\django\contrib\auth\middleware.py", line 12, in get_user
    request._cached_user = auth.get_user(request)
  File "E:\djangoenv\TestDemo\lib\site-packages\django\contrib\auth\__init__.py", line 211, in get_user
    user_id = _get_user_session_key(request)
  File "E:\djangoenv\TestDemo\lib\site-packages\django\contrib\auth\__init__.py", line 61, in _get_user_session_key
    return get_user_model()._meta.pk.to_python(request.session[SESSION_KEY])
  File "E:\djangoenv\TestDemo\lib\site-packages\django\contrib\sessions\backends\base.py", line 55, in __getitem__
    return self._session[key]
  File "E:\djangoenv\TestDemo\lib\site-packages\django\contrib\sessions\backends\base.py", line 196, in _get_session
    self._session_cache = self.load()
  File "E:\djangoenv\TestDemo\lib\site-packages\django\contrib\sessions\backends\db.py", line 34, in load
    expire_date__gt=timezone.now()
  File "E:\djangoenv\TestDemo\lib\site-packages\django\db\models\manager.py", line 82, in manager_method
    return getattr(self.get_queryset(), name)(*args, **kwargs)
  File "E:\djangoenv\TestDemo\lib\site-packages\django\db\models\query.py", line 397, in get
    num = len(clone)
  File "E:\djangoenv\TestDemo\lib\site-packages\django\db\models\query.py", line 254, in __len__
    self._fetch_all()
  File "E:\djangoenv\TestDemo\lib\site-packages\django\db\models\query.py", line 1179, in _fetch_all
    self._result_cache = list(self._iterable_class(self))
  File "E:\djangoenv\TestDemo\lib\site-packages\django\db\models\query.py", line 53, in __iter__
    results = compiler.execute_sql(chunked_fetch=self.chunked_fetch, chunk_size=self.chunk_size)
  File "E:\djangoenv\TestDemo\lib\site-packages\django\db\models\sql\compiler.py", line 1068, in execute_sql
    cursor.execute(sql, params)
  File "E:\djangoenv\TestDemo\lib\site-packages\django\db\backends\utils.py", line 100, in execute
    return super().execute(sql, params)
  File "E:\djangoenv\TestDemo\lib\site-packages\django\db\backends\utils.py", line 68, in execute
    return self._execute_with_wrappers(sql, params, many=False, executor=self._execute)
  File "E:\djangoenv\TestDemo\lib\site-packages\django\db\backends\utils.py", line 77, in _execute_with_wrappers
    return executor(sql, params, many, context)
  File "E:\djangoenv\TestDemo\lib\site-packages\django\db\backends\utils.py", line 85, in _execute
    return self.cursor.execute(sql, params)
  File "E:\djangoenv\TestDemo\lib\site-packages\django\db\utils.py", line 89, in __exit__
    raise dj_exc_value.with_traceback(traceback) from exc_value
  File "E:\djangoenv\TestDemo\lib\site-packages\django\db\backends\utils.py", line 85, in _execute
    return self.cursor.execute(sql, params)
  File "E:\djangoenv\TestDemo\lib\site-packages\django\db\backends\mysql\base.py", line 71, in execute
    return self.cursor.execute(query, args)
  File "E:\djangoenv\TestDemo\lib\site-packages\MySQLdb\cursors.py", line 206, in execute
    res = self._query(query)
  File "E:\djangoenv\TestDemo\lib\site-packages\MySQLdb\cursors.py", line 319, in _query
    db.query(q)
  File "E:\djangoenv\TestDemo\lib\site-packages\MySQLdb\connections.py", line 259, in query
    _mysql.connection.query(self, query)
django.db.utils.ProgrammingError: (1146, "Table 'baizhiedu.django_session' doesn't exist")
ERROR 2020-12-03 19:09:28,250 basehttp 124 "GET /admin/ HTTP/1.1" 500 215128
WARNING 2020-12-03 19:09:43,364 base 93 Not Found: /graphql
WARNING 2020-12-03 19:09:43,369 basehttp 124 "GET /graphql HTTP/1.1" 404 2087
WARNING 2020-12-03 19:09:58,562 base 93 Not Found: /graphql
WARNING 2020-12-03 19:09:58,565 basehttp 124 "GET /graphql HTTP/1.1" 404 2087
WARNING 2020-12-03 19:10:10,856 base 93 Not Found: /graphql
WARNING 2020-12-03 19:10:10,857 basehttp 124 "GET /graphql HTTP/1.1" 404 2087
WARNING 2020-12-03 19:10:21,393 base 93 Not Found: /graphql
WARNING 2020-12-03 19:10:21,406 basehttp 124 "GET /graphql HTTP/1.1" 404 2087
WARNING 2020-12-03 19:10:32,388 base 93 Not Found: /graphql
WARNING 2020-12-03 19:10:32,392 basehttp 124 "GET /graphql HTTP/1.1" 404 2087
WARNING 2020-12-03 19:10:43,374 base 93 Not Found: /graphql
WARNING 2020-12-03 19:10:43,377 basehttp 124 "GET /graphql HTTP/1.1" 404 2087
WARNING 2020-12-03 19:10:54,370 base 93 Not Found: /graphql
WARNING 2020-12-03 19:10:54,371 basehttp 124 "GET /graphql HTTP/1.1" 404 2087
WARNING 2020-12-03 19:11:17,485 base 93 Not Found: /graphql
WARNING 2020-12-03 19:11:17,486 basehttp 124 "GET /graphql HTTP/1.1" 404 2087
WARNING 2020-12-03 19:11:28,384 base 93 Not Found: /graphql
WARNING 2020-12-03 19:11:28,386 basehttp 124 "GET /graphql HTTP/1.1" 404 2087
WARNING 2020-12-03 19:11:39,377 base 93 Not Found: /graphql
WARNING 2020-12-03 19:11:39,378 basehttp 124 "GET /graphql HTTP/1.1" 404 2087
WARNING 2020-12-03 19:11:50,392 base 93 Not Found: /graphql
WARNING 2020-12-03 19:11:50,392 basehttp 124 "GET /graphql HTTP/1.1" 404 2087
WARNING 2020-12-03 19:12:01,382 base 93 Not Found: /graphql
WARNING 2020-12-03 19:12:01,383 basehttp 124 "GET /graphql HTTP/1.1" 404 2087
WARNING 2020-12-03 19:12:12,440 base 93 Not Found: /graphql
WARNING 2020-12-03 19:12:12,441 basehttp 124 "GET /graphql HTTP/1.1" 404 2087
WARNING 2020-12-03 19:12:23,368 base 93 Not Found: /graphql
WARNING 2020-12-03 19:12:23,369 basehttp 124 "GET /graphql HTTP/1.1" 404 2087
WARNING 2020-12-03 19:12:34,368 base 93 Not Found: /graphql
WARNING 2020-12-03 19:12:34,368 basehttp 124 "GET /graphql HTTP/1.1" 404 2087
WARNING 2020-12-03 19:12:45,404 base 93 Not Found: /graphql
WARNING 2020-12-03 19:12:45,405 basehttp 124 "GET /graphql HTTP/1.1" 404 2087
WARNING 2020-12-03 19:12:56,393 base 93 Not Found: /graphql
WARNING 2020-12-03 19:12:56,395 basehttp 124 "GET /graphql HTTP/1.1" 404 2087
WARNING 2020-12-03 19:13:07,367 base 93 Not Found: /graphql
WARNING 2020-12-03 19:13:07,368 basehttp 124 "GET /graphql HTTP/1.1" 404 2087
WARNING 2020-12-03 19:13:18,392 base 93 Not Found: /graphql
WARNING 2020-12-03 19:13:18,393 basehttp 124 "GET /graphql HTTP/1.1" 404 2087
WARNING 2020-12-03 19:13:29,373 base 93 Not Found: /graphql
WARNING 2020-12-03 19:13:29,373 basehttp 124 "GET /graphql HTTP/1.1" 404 2087
WARNING 2020-12-03 19:13:40,383 base 93 Not Found: /graphql
WARNING 2020-12-03 19:13:40,385 basehttp 124 "GET /graphql HTTP/1.1" 404 2087
WARNING 2020-12-03 19:13:51,380 base 93 Not Found: /graphql
WARNING 2020-12-03 19:13:51,381 basehttp 124 "GET /graphql HTTP/1.1" 404 2087
WARNING 2020-12-03 19:14:02,402 base 93 Not Found: /graphql
WARNING 2020-12-03 19:14:02,407 basehttp 124 "GET /graphql HTTP/1.1" 404 2087
WARNING 2020-12-03 19:14:13,429 base 93 Not Found: /graphql
WARNING 2020-12-03 19:14:13,430 basehttp 124 "GET /graphql HTTP/1.1" 404 2087
WARNING 2020-12-03 19:25:25,604 base 93 Not Found: /graphql
WARNING 2020-12-03 19:25:25,605 basehttp 124 "GET /graphql HTTP/1.1" 404 2087
WARNING 2020-12-03 19:25:38,872 base 93 Not Found: /graphql
WARNING 2020-12-03 19:25:38,873 basehttp 124 "GET /graphql HTTP/1.1" 404 2087
WARNING 2020-12-03 19:25:54,080 base 93 Not Found: /graphql
WARNING 2020-12-03 19:25:54,081 basehttp 124 "GET /graphql HTTP/1.1" 404 2087
WARNING 2020-12-03 19:26:09,215 base 93 Not Found: /graphql
WARNING 2020-12-03 19:26:09,216 basehttp 124 "GET /graphql HTTP/1.1" 404 2087
WARNING 2020-12-03 19:26:34,407 base 93 Not Found: /graphql
WARNING 2020-12-03 19:26:34,409 basehttp 124 "GET /graphql HTTP/1.1" 404 2087
WARNING 2020-12-03 19:26:45,374 base 93 Not Found: /graphql
WARNING 2020-12-03 19:26:45,376 basehttp 124 "GET /graphql HTTP/1.1" 404 2087
WARNING 2020-12-03 19:26:56,391 base 93 Not Found: /graphql
WARNING 2020-12-03 19:26:56,393 basehttp 124 "GET /graphql HTTP/1.1" 404 2087
WARNING 2020-12-03 19:27:19,409 base 93 Not Found: /graphql
WARNING 2020-12-03 19:27:19,410 basehttp 124 "GET /graphql HTTP/1.1" 404 2087
WARNING 2020-12-03 19:27:30,381 base 93 Not Found: /graphql
WARNING 2020-12-03 19:27:30,383 basehttp 124 "GET /graphql HTTP/1.1" 404 2087
WARNING 2020-12-03 19:27:53,407 base 93 Not Found: /graphql
WARNING 2020-12-03 19:27:53,409 basehttp 124 "GET /graphql HTTP/1.1" 404 2087
WARNING 2020-12-03 19:28:16,410 base 93 Not Found: /graphql
WARNING 2020-12-03 19:28:16,412 basehttp 124 "GET /graphql HTTP/1.1" 404 2087
WARNING 2020-12-03 19:28:27,412 base 93 Not Found: /graphql
WARNING 2020-12-03 19:28:27,414 basehttp 124 "GET /graphql HTTP/1.1" 404 2087
WARNING 2020-12-03 19:28:50,409 base 93 Not Found: /graphql
WARNING 2020-12-03 19:28:50,410 basehttp 124 "GET /graphql HTTP/1.1" 404 2087
WARNING 2020-12-03 19:29:01,380 base 93 Not Found: /graphql
WARNING 2020-12-03 19:29:01,382 basehttp 124 "GET /graphql HTTP/1.1" 404 2087
WARNING 2020-12-03 19:29:24,392 base 93 Not Found: /graphql
WARNING 2020-12-03 19:29:24,394 basehttp 124 "GET /graphql HTTP/1.1" 404 2087
WARNING 2020-12-03 19:29:35,389 base 93 Not Found: /graphql
WARNING 2020-12-03 19:29:35,392 basehttp 124 "GET /graphql HTTP/1.1" 404 2087
WARNING 2020-12-03 19:29:46,374 base 93 Not Found: /graphql
WARNING 2020-12-03 19:29:46,375 basehttp 124 "GET /graphql HTTP/1.1" 404 2087
WARNING 2020-12-03 19:29:57,372 base 93 Not Found: /graphql
WARNING 2020-12-03 19:29:57,373 basehttp 124 "GET /graphql HTTP/1.1" 404 2087
WARNING 2020-12-03 19:30:08,392 base 93 Not Found: /graphql
WARNING 2020-12-03 19:30:08,393 basehttp 124 "GET /graphql HTTP/1.1" 404 2087
WARNING 2020-12-03 19:30:19,419 base 93 Not Found: /graphql
WARNING 2020-12-03 19:30:19,423 basehttp 124 "GET /graphql HTTP/1.1" 404 2087
WARNING 2020-12-03 19:30:30,447 base 93 Not Found: /graphql
WARNING 2020-12-03 19:30:30,448 basehttp 124 "GET /graphql HTTP/1.1" 404 2087
WARNING 2020-12-03 19:30:41,366 base 93 Not Found: /graphql
WARNING 2020-12-03 19:30:41,367 basehttp 124 "GET /graphql HTTP/1.1" 404 2087
WARNING 2020-12-03 19:30:52,375 base 93 Not Found: /graphql
WARNING 2020-12-03 19:30:52,377 basehttp 124 "GET /graphql HTTP/1.1" 404 2087
WARNING 2020-12-03 19:31:15,395 base 93 Not Found: /graphql
WARNING 2020-12-03 19:31:15,397 basehttp 124 "GET /graphql HTTP/1.1" 404 2087
WARNING 2020-12-03 19:31:26,405 base 93 Not Found: /graphql
WARNING 2020-12-03 19:31:26,406 basehttp 124 "GET /graphql HTTP/1.1" 404 2087
WARNING 2020-12-03 19:31:37,375 base 93 Not Found: /graphql
WARNING 2020-12-03 19:31:37,376 basehttp 124 "GET /graphql HTTP/1.1" 404 2087
INFO 2020-12-03 19:31:43,413 basehttp 124 "GET /admin/ HTTP/1.1" 200 4366
INFO 2020-12-03 19:31:43,476 basehttp 124 "GET /static/xadmin/vendor/bootstrap/css/bootstrap.css HTTP/1.1" 200 126432
INFO 2020-12-03 19:31:43,489 basehttp 124 "GET /static/xadmin/css/themes/bootstrap-xadmin.css HTTP/1.1" 200 1888
INFO 2020-12-03 19:31:43,492 basehttp 124 "GET /static/xadmin/vendor/font-awesome/css/font-awesome.css HTTP/1.1" 200 21658
INFO 2020-12-03 19:31:43,493 basehttp 124 "GET /static/xadmin/css/xadmin.plugins.css HTTP/1.1" 200 175
INFO 2020-12-03 19:31:43,494 basehttp 124 "GET /static/xadmin/css/xadmin.main.css HTTP/1.1" 200 8376
INFO 2020-12-03 19:31:43,501 basehttp 124 "GET /static/xadmin/css/xadmin.responsive.css HTTP/1.1" 200 4361
INFO 2020-12-03 19:31:43,536 basehttp 124 "GET /static/xadmin/vendor/jquery-ui/jquery.ui.core.js HTTP/1.1" 200 8195
INFO 2020-12-03 19:31:43,543 basehttp 124 "GET /static/xadmin/vendor/jquery-ui/jquery.ui.widget.js HTTP/1.1" 200 15069
INFO 2020-12-03 19:31:43,547 basehttp 124 "GET /static/xadmin/vendor/jquery/jquery.js HTTP/1.1" 200 240196
INFO 2020-12-03 19:31:43,559 basehttp 124 "GET /static/xadmin/vendor/jquery-ui/jquery.ui.mouse.js HTTP/1.1" 200 4561
INFO 2020-12-03 19:31:43,574 basehttp 124 "GET /static/xadmin/vendor/jquery-ui/jquery.ui.sortable.js HTTP/1.1" 200 42543
INFO 2020-12-03 19:31:43,581 basehttp 124 "GET /static/xadmin/js/xadmin.main.js HTTP/1.1" 200 3401
INFO 2020-12-03 19:31:43,597 basehttp 124 "GET /static/xadmin/js/xadmin.responsive.js HTTP/1.1" 200 4165
INFO 2020-12-03 19:31:43,608 basehttp 124 "GET /static/xadmin/js/xadmin.plugin.themes.js HTTP/1.1" 200 3489
INFO 2020-12-03 19:31:43,632 basehttp 124 "GET /admin/jsi18n/ HTTP/1.1" 200 4373
INFO 2020-12-03 19:31:43,643 basehttp 124 "GET /static/xadmin/vendor/jquery-ui/jquery.ui.effect.js HTTP/1.1" 200 31918
INFO 2020-12-03 19:31:43,646 basehttp 124 "GET /static/xadmin/vendor/bootstrap/js/bootstrap.js HTTP/1.1" 200 58327
INFO 2020-12-03 19:31:43,886 basehttp 124 "GET /static/xadmin/vendor/font-awesome/fonts/fontawesome-webfont.woff?v=4.0.3 HTTP/1.1" 200 44432
INFO 2020-12-03 19:31:45,992 basehttp 124 "POST /admin/ HTTP/1.1" 200 4595
INFO 2020-12-03 19:31:46,037 basehttp 124 "GET /admin/jsi18n/ HTTP/1.1" 200 4373
WARNING 2020-12-03 19:31:48,406 base 93 Not Found: /graphql
WARNING 2020-12-03 19:31:48,407 basehttp 124 "GET /graphql HTTP/1.1" 404 2087
WARNING 2020-12-03 19:31:59,386 base 93 Not Found: /graphql
WARNING 2020-12-03 19:31:59,387 basehttp 124 "GET /graphql HTTP/1.1" 404 2087
WARNING 2020-12-03 19:32:10,383 base 93 Not Found: /graphql
WARNING 2020-12-03 19:32:10,385 basehttp 124 "GET /graphql HTTP/1.1" 404 2087
WARNING 2020-12-03 19:32:21,389 base 93 Not Found: /graphql
WARNING 2020-12-03 19:32:21,391 basehttp 124 "GET /graphql HTTP/1.1" 404 2087
WARNING 2020-12-03 19:32:32,397 base 93 Not Found: /graphql
WARNING 2020-12-03 19:32:32,398 basehttp 124 "GET /graphql HTTP/1.1" 404 2087
INFO 2020-12-03 19:32:32,903 basehttp 124 "POST /admin/ HTTP/1.1" 302 0
INFO 2020-12-03 19:32:34,923 basehttp 124 "GET /admin/ HTTP/1.1" 200 14771
INFO 2020-12-03 19:32:34,974 basehttp 124 "GET /static/xadmin/js/xadmin.plugin.portal.js HTTP/1.1" 200 1000
INFO 2020-12-03 19:32:34,974 basehttp 124 "GET /static/xadmin/js/xadmin.page.dashboard.js HTTP/1.1" 200 3208
INFO 2020-12-03 19:32:34,975 basehttp 124 "GET /static/xadmin/css/xadmin.page.dashboard.css HTTP/1.1" 200 790
INFO 2020-12-03 19:32:34,992 basehttp 124 "GET /admin/jsi18n/ HTTP/1.1" 200 3185
INFO 2020-12-03 19:32:38,883 basehttp 124 "GET /admin/ HTTP/1.1" 200 14771
INFO 2020-12-03 19:32:38,929 basehttp 124 "GET /admin/jsi18n/ HTTP/1.1" 200 3185
INFO 2020-12-03 19:32:43,302 basehttp 124 "POST /admin/settings/user HTTP/1.1" 200 0
WARNING 2020-12-03 19:32:43,368 base 93 Not Found: /graphql
WARNING 2020-12-03 19:32:43,370 basehttp 124 "GET /graphql HTTP/1.1" 404 2087
INFO 2020-12-03 19:32:49,778 basehttp 124 "GET /admin/home/banner/ HTTP/1.1" 200 24616
INFO 2020-12-03 19:32:49,804 basehttp 124 "GET /static/xadmin/css/xadmin.form.css HTTP/1.1" 200 3763
INFO 2020-12-03 19:32:49,832 basehttp 124 "GET /static/xadmin/js/xadmin.plugin.details.js HTTP/1.1" 200 2319
INFO 2020-12-03 19:32:49,838 basehttp 124 "GET /static/xadmin/js/xadmin.plugin.bookmark.js HTTP/1.1" 200 529
INFO 2020-12-03 19:32:49,839 basehttp 124 "GET /static/xadmin/js/xadmin.plugin.filters.js HTTP/1.1" 200 1990
INFO 2020-12-03 19:32:49,844 basehttp 124 "GET /admin/jsi18n/ HTTP/1.1" 200 3185
INFO 2020-12-03 19:32:49,846 basehttp 124 "GET /static/xadmin/js/xadmin.page.form.js HTTP/1.1" 200 1948
INFO 2020-12-03 19:32:49,851 basehttp 124 "GET /static/xadmin/js/xadmin.page.list.js HTTP/1.1" 200 1105
INFO 2020-12-03 19:32:51,382 basehttp 124 "GET /admin/home/nav/ HTTP/1.1" 200 24756
INFO 2020-12-03 19:32:51,423 basehttp 124 "GET /admin/jsi18n/ HTTP/1.1" 200 3185
INFO 2020-12-03 19:32:52,393 basehttp 124 "GET /admin/home/banner/ HTTP/1.1" 200 24616
INFO 2020-12-03 19:32:52,429 basehttp 124 "GET /admin/jsi18n/ HTTP/1.1" 200 3185
INFO 2020-12-03 19:32:52,797 basehttp 124 "GET /admin/home/nav/ HTTP/1.1" 200 24756
INFO 2020-12-03 19:32:52,838 basehttp 124 "GET /admin/jsi18n/ HTTP/1.1" 200 3185
INFO 2020-12-03 19:32:53,437 basehttp 124 "GET /admin/home/banner/ HTTP/1.1" 200 24616
INFO 2020-12-03 19:32:53,484 basehttp 124 "GET /admin/jsi18n/ HTTP/1.1" 200 3185
INFO 2020-12-03 19:32:53,844 basehttp 124 "GET /admin/home/nav/ HTTP/1.1" 200 24756
INFO 2020-12-03 19:32:53,898 basehttp 124 "GET /admin/jsi18n/ HTTP/1.1" 200 3185
WARNING 2020-12-03 19:32:54,372 base 93 Not Found: /graphql
WARNING 2020-12-03 19:32:54,377 basehttp 124 "GET /graphql HTTP/1.1" 404 2087
INFO 2020-12-03 19:32:54,415 basehttp 124 "GET /admin/home/banner/ HTTP/1.1" 200 24616
INFO 2020-12-03 19:32:54,476 basehttp 124 "GET /admin/jsi18n/ HTTP/1.1" 200 3185
INFO 2020-12-03 19:32:54,825 basehttp 124 "GET /admin/home/nav/ HTTP/1.1" 200 24756
INFO 2020-12-03 19:32:54,866 basehttp 124 "GET /admin/jsi18n/ HTTP/1.1" 200 3185
INFO 2020-12-03 19:32:55,207 basehttp 124 "GET /admin/home/banner/ HTTP/1.1" 200 24616
INFO 2020-12-03 19:32:55,260 basehttp 124 "GET /admin/jsi18n/ HTTP/1.1" 200 3185
INFO 2020-12-03 19:32:55,603 basehttp 124 "GET /admin/home/nav/ HTTP/1.1" 200 24756
INFO 2020-12-03 19:32:55,646 basehttp 124 "GET /admin/jsi18n/ HTTP/1.1" 200 3185
INFO 2020-12-03 19:32:55,973 basehttp 124 "GET /admin/home/banner/ HTTP/1.1" 200 24616
INFO 2020-12-03 19:32:56,015 basehttp 124 "GET /admin/jsi18n/ HTTP/1.1" 200 3185
INFO 2020-12-03 19:32:56,587 basehttp 124 "GET /admin/home/nav/ HTTP/1.1" 200 24756
INFO 2020-12-03 19:32:56,629 basehttp 124 "GET /admin/jsi18n/ HTTP/1.1" 200 3185
INFO 2020-12-03 19:32:57,128 basehttp 124 "GET /admin/home/banner/ HTTP/1.1" 200 24616
INFO 2020-12-03 19:32:57,187 basehttp 124 "GET /admin/jsi18n/ HTTP/1.1" 200 3185
INFO 2020-12-03 19:32:57,685 basehttp 124 "GET /admin/home/nav/ HTTP/1.1" 200 24756
INFO 2020-12-03 19:32:57,733 basehttp 124 "GET /admin/jsi18n/ HTTP/1.1" 200 3185
INFO 2020-12-03 19:32:58,403 basehttp 124 "GET /admin/home/banner/ HTTP/1.1" 200 24616
INFO 2020-12-03 19:32:58,442 basehttp 124 "GET /admin/jsi18n/ HTTP/1.1" 200 3185
INFO 2020-12-03 19:33:01,309 basehttp 124 "GET /admin/home/banner/add/ HTTP/1.1" 200 19811
INFO 2020-12-03 19:33:01,344 basehttp 124 "GET /static/xadmin/vendor/bootstrap-image-gallery/css/bootstrap-image-gallery.css HTTP/1.1" 200 3339
INFO 2020-12-03 19:33:01,368 basehttp 124 "GET /static/xadmin/vendor/load-image/load-image.js HTTP/1.1" 200 8309
INFO 2020-12-03 19:33:01,372 basehttp 124 "GET /static/xadmin/vendor/bootstrap-image-gallery/js/bootstrap-image-gallery.js HTTP/1.1" 200 15611
INFO 2020-12-03 19:33:01,385 basehttp 124 "GET /admin/jsi18n/ HTTP/1.1" 200 3185
WARNING 2020-12-03 19:33:05,383 base 93 Not Found: /graphql
WARNING 2020-12-03 19:33:05,384 basehttp 124 "GET /graphql HTTP/1.1" 404 2087
WARNING 2020-12-03 19:33:16,376 base 93 Not Found: /graphql
WARNING 2020-12-03 19:33:16,378 basehttp 124 "GET /graphql HTTP/1.1" 404 2087
WARNING 2020-12-03 19:33:27,462 base 93 Not Found: /graphql
WARNING 2020-12-03 19:33:27,464 basehttp 124 "GET /graphql HTTP/1.1" 404 2087
WARNING 2020-12-03 19:33:38,368 base 93 Not Found: /graphql
WARNING 2020-12-03 19:33:38,369 basehttp 124 "GET /graphql HTTP/1.1" 404 2087
WARNING 2020-12-03 19:34:11,946 base 93 Not Found: /
WARNING 2020-12-03 19:34:11,947 basehttp 124 "GET / HTTP/1.1" 404 2048
INFO 2020-12-03 19:34:14,716 basehttp 124 "GET /admin/ HTTP/1.1" 200 14776
INFO 2020-12-03 19:34:14,774 basehttp 124 "GET /admin/jsi18n/ HTTP/1.1" 200 3185
INFO 2020-12-03 19:34:15,457 basehttp 124 "GET /admin/ HTTP/1.1" 200 14776
INFO 2020-12-03 19:34:17,928 basehttp 124 "GET /admin/home/banner/ HTTP/1.1" 200 24616
INFO 2020-12-03 19:34:17,987 basehttp 124 "GET /admin/jsi18n/ HTTP/1.1" 200 3185
INFO 2020-12-03 19:34:19,587 basehttp 124 "GET /admin/home/banner/add/ HTTP/1.1" 200 19811
INFO 2020-12-03 19:34:19,651 basehttp 124 "GET /admin/jsi18n/ HTTP/1.1" 200 3185
INFO 2020-12-03 19:34:49,724 basehttp 124 "POST /admin/home/banner/add/ HTTP/1.1" 302 0
INFO 2020-12-03 19:34:49,836 basehttp 124 "GET /admin/home/banner/add/ HTTP/1.1" 200 20151
INFO 2020-12-03 19:34:49,894 basehttp 124 "GET /admin/jsi18n/ HTTP/1.1" 200 3185
INFO 2020-12-03 19:35:29,364 basehttp 124 "POST /admin/home/banner/add/ HTTP/1.1" 302 0
INFO 2020-12-03 19:35:29,464 basehttp 124 "GET /admin/home/banner/ HTTP/1.1" 200 29232
INFO 2020-12-03 19:35:29,521 basehttp 124 "GET /static/xadmin/js/xadmin.plugin.actions.js HTTP/1.1" 200 4198
INFO 2020-12-03 19:35:29,537 basehttp 124 "GET /admin/jsi18n/ HTTP/1.1" 200 3185
INFO 2020-12-03 19:35:37,968 basehttp 124 "GET /admin/home/banner/2/update/ HTTP/1.1" 200 20281
INFO 2020-12-03 19:35:38,018 basehttp 124 "GET /admin/jsi18n/ HTTP/1.1" 200 3185
INFO 2020-12-03 19:35:38,106 basehttp 124 "GET /media/banner/4xzr7l.jpg HTTP/1.1" 200 2964743
INFO 2020-12-03 19:35:55,566 basehttp 124 "POST /admin/home/banner/2/update/ HTTP/1.1" 302 0
INFO 2020-12-03 19:35:55,663 basehttp 124 "GET /admin/home/banner/ HTTP/1.1" 200 29173
INFO 2020-12-03 19:35:55,718 basehttp 124 "GET /admin/jsi18n/ HTTP/1.1" 200 3185
INFO 2020-12-03 19:35:58,291 basehttp 124 "GET /admin/home/banner/1/update/ HTTP/1.1" 200 20278
INFO 2020-12-03 19:35:58,337 basehttp 124 "GET /admin/jsi18n/ HTTP/1.1" 200 3185
INFO 2020-12-03 19:35:58,390 basehttp 124 "GET /media/banner/0wyek6.jpg HTTP/1.1" 200 1837412
INFO 2020-12-03 19:36:04,787 basehttp 124 "POST /admin/home/banner/1/update/ HTTP/1.1" 302 0
INFO 2020-12-03 19:36:04,883 basehttp 124 "GET /admin/home/banner/ HTTP/1.1" 200 29173
INFO 2020-12-03 19:36:04,945 basehttp 124 "GET /admin/jsi18n/ HTTP/1.1" 200 3185
INFO 2020-12-03 19:36:07,542 basehttp 124 "GET /admin/home/banner/add/ HTTP/1.1" 200 19811
INFO 2020-12-03 19:36:07,600 basehttp 124 "GET /admin/jsi18n/ HTTP/1.1" 200 3185
INFO 2020-12-03 19:36:52,001 basehttp 124 "POST /admin/home/banner/add/ HTTP/1.1" 302 0
INFO 2020-12-03 19:36:52,102 basehttp 124 "GET /admin/home/banner/ HTTP/1.1" 200 29816
INFO 2020-12-03 19:36:52,172 basehttp 124 "GET /admin/jsi18n/ HTTP/1.1" 200 3185
INFO 2020-12-03 19:36:54,389 basehttp 124 "GET /admin/home/banner/3/update/ HTTP/1.1" 200 20303
INFO 2020-12-03 19:36:54,439 basehttp 124 "GET /admin/jsi18n/ HTTP/1.1" 200 3185
INFO 2020-12-03 19:36:54,472 basehttp 124 "GET /media/banner/t010e7db80af237bb71.jpg HTTP/1.1" 200 1167874
INFO 2020-12-03 19:37:02,943 basehttp 124 "POST /admin/home/banner/3/update/ HTTP/1.1" 302 0
INFO 2020-12-03 19:37:03,046 basehttp 124 "GET /admin/home/banner/ HTTP/1.1" 200 29757
INFO 2020-12-03 19:37:03,124 basehttp 124 "GET /static/xadmin/vendor/bootstrap/css/bootstrap.css HTTP/1.1" 304 0
INFO 2020-12-03 19:37:03,130 basehttp 124 "GET /static/xadmin/css/xadmin.responsive.css HTTP/1.1" 304 0
INFO 2020-12-03 19:37:03,132 basehttp 124 "GET /static/xadmin/css/xadmin.plugins.css HTTP/1.1" 304 0
INFO 2020-12-03 19:37:03,135 basehttp 124 "GET /static/xadmin/css/xadmin.main.css HTTP/1.1" 304 0
INFO 2020-12-03 19:37:03,140 basehttp 124 "GET /static/xadmin/vendor/font-awesome/css/font-awesome.css HTTP/1.1" 304 0
INFO 2020-12-03 19:37:03,148 basehttp 124 "GET /static/xadmin/vendor/jquery/jquery.js HTTP/1.1" 304 0
INFO 2020-12-03 19:37:03,150 basehttp 124 "GET /static/xadmin/vendor/jquery-ui/jquery.ui.widget.js HTTP/1.1" 304 0
INFO 2020-12-03 19:37:03,150 basehttp 124 "GET /static/xadmin/vendor/jquery-ui/jquery.ui.core.js HTTP/1.1" 304 0
INFO 2020-12-03 19:37:03,155 basehttp 124 "GET /static/xadmin/vendor/jquery-ui/jquery.ui.mouse.js HTTP/1.1" 304 0
INFO 2020-12-03 19:37:03,169 basehttp 124 "GET /static/xadmin/vendor/jquery-ui/jquery.ui.sortable.js HTTP/1.1" 304 0
INFO 2020-12-03 19:37:03,173 basehttp 124 "GET /static/xadmin/js/xadmin.responsive.js HTTP/1.1" 304 0
INFO 2020-12-03 19:37:03,181 basehttp 124 "GET /static/xadmin/vendor/bootstrap/js/bootstrap.js HTTP/1.1" 304 0
INFO 2020-12-03 19:37:03,194 basehttp 124 "GET /static/xadmin/vendor/jquery-ui/jquery.ui.effect.js HTTP/1.1" 304 0
INFO 2020-12-03 19:37:03,199 basehttp 124 "GET /static/xadmin/js/xadmin.plugin.themes.js HTTP/1.1" 304 0
INFO 2020-12-03 19:37:03,216 basehttp 124 "GET /static/xadmin/js/xadmin.main.js HTTP/1.1" 304 0
INFO 2020-12-03 19:37:03,218 basehttp 124 "GET /admin/jsi18n/ HTTP/1.1" 200 3185
WARNING 2020-12-03 19:48:41,323 base 93 Not Found: /
WARNING 2020-12-03 19:48:41,327 basehttp 124 "GET / HTTP/1.1" 404 2048
WARNING 2020-12-03 19:49:38,036 base 93 Not Found: /api/bannder
WARNING 2020-12-03 19:49:38,042 basehttp 124 "GET /api/bannder HTTP/1.1" 404 2257
WARNING 2020-12-03 19:49:55,046 base 93 Not Found: /api/bannder
WARNING 2020-12-03 19:49:55,048 basehttp 124 "POST /api/bannder HTTP/1.1" 404 2258
WARNING 2020-12-03 19:49:57,897 base 93 Not Found: /api/bannder
WARNING 2020-12-03 19:49:57,899 basehttp 124 "GET /api/bannder HTTP/1.1" 404 2257
INFO 2020-12-03 19:50:26,266 basehttp 124 "GET /api/banner HTTP/1.1" 301 0
INFO 2020-12-03 19:50:28,081 basehttp 124 "GET /api/banner HTTP/1.1" 301 0
INFO 2020-12-03 19:51:22,265 basehttp 124 "GET /api/banner HTTP/1.1" 301 0
INFO 2020-12-03 19:51:23,496 basehttp 124 "GET /api/banner HTTP/1.1" 301 0
INFO 2020-12-03 19:51:34,733 basehttp 124 "GET /api/banner HTTP/1.1" 301 0
INFO 2020-12-03 19:51:34,818 basehttp 124 "GET /api/banner/ HTTP/1.1" 200 6145
INFO 2020-12-03 19:51:34,873 basehttp 124 "GET /static/rest_framework/js/default.js HTTP/1.1" 304 0
INFO 2020-12-03 19:51:34,873 basehttp 124 "GET /static/rest_framework/js/bootstrap.min.js HTTP/1.1" 304 0
INFO 2020-12-03 19:51:34,874 basehttp 124 "GET /static/rest_framework/js/prettify-min.js HTTP/1.1" 304 0
INFO 2020-12-03 19:51:34,880 basehttp 124 "GET /static/rest_framework/css/prettify.css HTTP/1.1" 304 0
INFO 2020-12-03 19:51:34,894 basehttp 124 "GET /static/rest_framework/css/default.css HTTP/1.1" 304 0
INFO 2020-12-03 19:51:34,903 basehttp 124 "GET /static/rest_framework/css/bootstrap-tweaks.css HTTP/1.1" 304 0
INFO 2020-12-03 19:51:34,904 basehttp 124 "GET /static/rest_framework/css/bootstrap.min.css HTTP/1.1" 304 0
INFO 2020-12-03 19:51:34,907 basehttp 124 "GET /static/rest_framework/js/csrf.js HTTP/1.1" 304 0
INFO 2020-12-03 19:51:34,913 basehttp 124 "GET /static/rest_framework/js/jquery-3.4.1.min.js HTTP/1.1" 304 0
INFO 2020-12-03 19:51:34,924 basehttp 124 "GET /static/rest_framework/js/ajax-form.js HTTP/1.1" 304 0
INFO 2020-12-03 19:51:34,937 basehttp 124 "GET /static/rest_framework/img/grid.png HTTP/1.1" 304 0
INFO 2020-12-03 19:51:42,815 basehttp 124 "GET /api/banner/ HTTP/1.1" 200 300
INFO 2020-12-03 19:51:48,529 basehttp 124 "GET /media/banner/t010e7db80af237bb71_hpROjuk.jpg HTTP/1.1" 200 1167874
INFO 2020-12-03 19:52:21,622 basehttp 124 "GET /admin/home/banner/3/update/ HTTP/1.1" 200 20327
INFO 2020-12-03 19:52:21,654 basehttp 124 "GET /static/xadmin/vendor/bootstrap/css/bootstrap.css HTTP/1.1" 304 0
INFO 2020-12-03 19:52:21,682 basehttp 124 "GET /static/xadmin/css/xadmin.main.css HTTP/1.1" 304 0
INFO 2020-12-03 19:52:21,683 basehttp 124 "GET /static/xadmin/css/xadmin.plugins.css HTTP/1.1" 304 0
INFO 2020-12-03 19:52:21,692 basehttp 124 "GET /static/xadmin/vendor/font-awesome/css/font-awesome.css HTTP/1.1" 304 0
INFO 2020-12-03 19:52:21,693 basehttp 124 "GET /static/xadmin/css/xadmin.responsive.css HTTP/1.1" 304 0
INFO 2020-12-03 19:52:21,696 basehttp 124 "GET /static/xadmin/vendor/bootstrap-image-gallery/css/bootstrap-image-gallery.css HTTP/1.1" 304 0
INFO 2020-12-03 19:52:21,706 basehttp 124 "GET /static/xadmin/css/xadmin.form.css HTTP/1.1" 304 0
INFO 2020-12-03 19:52:21,709 basehttp 124 "GET /static/xadmin/vendor/jquery/jquery.js HTTP/1.1" 304 0
INFO 2020-12-03 19:52:21,722 basehttp 124 "GET /admin/jsi18n/ HTTP/1.1" 200 3185
INFO 2020-12-03 19:52:21,723 basehttp 124 "GET /static/xadmin/vendor/jquery-ui/jquery.ui.core.js HTTP/1.1" 304 0
INFO 2020-12-03 19:52:21,765 basehttp 124 "GET /static/xadmin/vendor/jquery-ui/jquery.ui.widget.js HTTP/1.1" 304 0
INFO 2020-12-03 19:52:21,767 basehttp 124 "GET /static/xadmin/vendor/jquery-ui/jquery.ui.mouse.js HTTP/1.1" 304 0
INFO 2020-12-03 19:52:21,770 basehttp 124 "GET /static/xadmin/vendor/jquery-ui/jquery.ui.sortable.js HTTP/1.1" 304 0
INFO 2020-12-03 19:52:21,770 basehttp 124 "GET /static/xadmin/vendor/bootstrap/js/bootstrap.js HTTP/1.1" 304 0
INFO 2020-12-03 19:52:21,778 basehttp 124 "GET /static/xadmin/js/xadmin.main.js HTTP/1.1" 304 0
INFO 2020-12-03 19:52:21,783 basehttp 124 "GET /static/xadmin/js/xadmin.responsive.js HTTP/1.1" 304 0
INFO 2020-12-03 19:52:21,788 basehttp 124 "GET /static/xadmin/vendor/jquery-ui/jquery.ui.effect.js HTTP/1.1" 304 0
INFO 2020-12-03 19:52:21,789 basehttp 124 "GET /static/xadmin/js/xadmin.plugin.themes.js HTTP/1.1" 304 0
INFO 2020-12-03 19:52:21,807 basehttp 124 "GET /static/xadmin/vendor/load-image/load-image.js HTTP/1.1" 304 0
INFO 2020-12-03 19:52:21,808 basehttp 124 "GET /static/xadmin/vendor/bootstrap-image-gallery/js/bootstrap-image-gallery.js HTTP/1.1" 304 0
INFO 2020-12-03 19:52:21,819 basehttp 124 "GET /static/xadmin/js/xadmin.plugin.portal.js HTTP/1.1" 304 0
INFO 2020-12-03 19:52:21,821 basehttp 124 "GET /static/xadmin/js/xadmin.page.form.js HTTP/1.1" 304 0
INFO 2020-12-03 19:52:21,825 basehttp 124 "GET /static/xadmin/vendor/font-awesome/fonts/fontawesome-webfont.woff?v=4.0.3 HTTP/1.1" 304 0
INFO 2020-12-03 19:52:21,879 basehttp 124 "GET /media/banner/t010e7db80af237bb71_hpROjuk.jpg HTTP/1.1" 200 1167874
INFO 2020-12-03 19:52:34,377 basehttp 124 "POST /admin/home/banner/3/update/ HTTP/1.1" 302 0
INFO 2020-12-03 19:52:34,484 basehttp 124 "GET /admin/home/banner/ HTTP/1.1" 200 29757
INFO 2020-12-03 19:52:34,565 basehttp 124 "GET /static/xadmin/js/xadmin.plugin.details.js HTTP/1.1" 304 0
INFO 2020-12-03 19:52:34,568 basehttp 124 "GET /static/xadmin/js/xadmin.plugin.bookmark.js HTTP/1.1" 304 0
INFO 2020-12-03 19:52:34,572 basehttp 124 "GET /static/xadmin/js/xadmin.plugin.filters.js HTTP/1.1" 304 0
INFO 2020-12-03 19:52:34,574 basehttp 124 "GET /static/xadmin/js/xadmin.plugin.actions.js HTTP/1.1" 304 0
INFO 2020-12-03 19:52:34,576 basehttp 124 "GET /static/xadmin/js/xadmin.page.list.js HTTP/1.1" 304 0
INFO 2020-12-03 19:52:34,589 basehttp 124 "GET /admin/jsi18n/ HTTP/1.1" 200 3185
INFO 2020-12-03 19:52:36,197 basehttp 124 "GET /admin/home/banner/2/update/ HTTP/1.1" 200 20305
INFO 2020-12-03 19:52:36,241 basehttp 124 "GET /admin/jsi18n/ HTTP/1.1" 200 3185
INFO 2020-12-03 19:52:36,354 basehttp 124 "GET /media/banner/4xzr7l_AAO5JRI.jpg HTTP/1.1" 200 2964743
INFO 2020-12-03 19:52:45,223 basehttp 124 "POST /admin/home/banner/2/update/ HTTP/1.1" 302 0
INFO 2020-12-03 19:52:45,325 basehttp 124 "GET /admin/home/banner/ HTTP/1.1" 200 29758
INFO 2020-12-03 19:52:45,386 basehttp 124 "GET /admin/jsi18n/ HTTP/1.1" 200 3185
INFO 2020-12-03 19:52:46,675 basehttp 124 "GET /admin/home/banner/1/update/ HTTP/1.1" 200 20302
INFO 2020-12-03 19:52:46,724 basehttp 124 "GET /admin/jsi18n/ HTTP/1.1" 200 3185
INFO 2020-12-03 19:52:46,785 basehttp 124 "GET /media/banner/0wyek6_ApbO6CI.jpg HTTP/1.1" 200 1837412
INFO 2020-12-03 19:52:55,092 basehttp 124 "POST /admin/home/banner/1/update/ HTTP/1.1" 302 0
INFO 2020-12-03 19:52:55,200 basehttp 124 "GET /admin/home/banner/ HTTP/1.1" 200 29757
INFO 2020-12-03 19:52:55,259 basehttp 124 "GET /admin/jsi18n/ HTTP/1.1" 200 3185
INFO 2020-12-03 19:53:03,449 basehttp 124 "GET /api/banner/ HTTP/1.1" 200 297
INFO 2020-12-03 20:10:20,196 basehttp 124 "GET /api/banner/ HTTP/1.1" 200 297
INFO 2020-12-03 20:41:04,090 basehttp 124 "GET /api/banner/ HTTP/1.1" 200 297
INFO 2020-12-03 20:41:04,227 basehttp 124 "GET /media/banner/t010e7db80af237bb71_UtE0uym.jpg HTTP/1.1" 200 1167874
INFO 2020-12-03 20:41:04,354 basehttp 124 "GET /media/banner/0wyek6_85aeWdy.jpg HTTP/1.1" 200 1837412
INFO 2020-12-03 20:41:04,540 basehttp 124 "GET /media/banner/4xzr7l_qgrF6Ub.jpg HTTP/1.1" 200 2964743
INFO 2020-12-03 20:41:37,887 basehttp 124 "GET /api/banner/ HTTP/1.1" 200 297
INFO 2020-12-03 20:42:53,770 basehttp 124 "GET /api/banner/ HTTP/1.1" 200 297
INFO 2020-12-03 20:43:10,406 basehttp 124 "GET /api/banner/ HTTP/1.1" 200 297
INFO 2020-12-03 20:43:18,164 basehttp 124 "GET /api/banner/ HTTP/1.1" 200 297
INFO 2020-12-03 20:51:10,520 basehttp 124 "GET /api/banner/ HTTP/1.1" 200 297
INFO 2020-12-03 20:51:20,033 basehttp 124 "GET /api/banner/ HTTP/1.1" 200 297
INFO 2020-12-03 20:51:20,078 basehttp 124 "GET /media/banner/t010e7db80af237bb71_UtE0uym.jpg HTTP/1.1" 304 0
INFO 2020-12-03 20:51:20,079 basehttp 124 "GET /media/banner/4xzr7l_qgrF6Ub.jpg HTTP/1.1" 304 0
INFO 2020-12-03 20:51:20,079 basehttp 124 "GET /media/banner/0wyek6_85aeWdy.jpg HTTP/1.1" 304 0
INFO 2020-12-03 20:51:34,141 basehttp 124 "GET /api/banner/ HTTP/1.1" 200 297
INFO 2020-12-03 20:51:40,813 basehttp 124 "GET /api/banner/ HTTP/1.1" 200 297
INFO 2020-12-03 20:54:27,225 basehttp 124 "GET /api/banner/ HTTP/1.1" 200 297
ERROR 2020-12-03 20:57:23,790 exception 118 Internal Server Error: /api/hdr/
Traceback (most recent call last):
  File "E:\djangoenv\TestDemo\lib\site-packages\rest_framework\views.py", line 497, in dispatch
    response = handler(request, *args, **kwargs)
  File "E:\djangoenv\TestDemo\lib\site-packages\rest_framework\generics.py", line 199, in get
    return self.list(request, *args, **kwargs)
  File "E:\djangoenv\TestDemo\lib\site-packages\rest_framework\mixins.py", line 45, in list
    serializer = self.get_serializer(queryset, many=True)
  File "E:\djangoenv\TestDemo\lib\site-packages\rest_framework\generics.py", line 108, in get_serializer
    serializer_class = self.get_serializer_class()
  File "E:\djangoenv\TestDemo\lib\site-packages\rest_framework\generics.py", line 125, in get_serializer_class
    % self.__class__.__name__
AssertionError: 'NavApiView' should either include a `serializer_class` attribute, or override the `get_serializer_class()` method.

During handling of the above exception, another exception occurred:

Traceback (most recent call last):
  File "E:\djangoenv\TestDemo\lib\site-packages\rest_framework\settings.py", line 177, in import_from_string
    return import_string(val)
  File "E:\djangoenv\TestDemo\lib\site-packages\django\utils\module_loading.py", line 17, in import_string
    module = import_module(module_path)
  File "c:\users\¹ùÏþÁÖ\appdata\local\programs\python\python36\lib\importlib\__init__.py", line 126, in import_module
    return _bootstrap._gcd_import(name[level:], package, level)
  File "<frozen importlib._bootstrap>", line 994, in _gcd_import
  File "<frozen importlib._bootstrap>", line 971, in _find_and_load
  File "<frozen importlib._bootstrap>", line 941, in _find_and_load_unlocked
  File "<frozen importlib._bootstrap>", line 219, in _call_with_frames_removed
  File "<frozen importlib._bootstrap>", line 994, in _gcd_import
  File "<frozen importlib._bootstrap>", line 971, in _find_and_load
  File "<frozen importlib._bootstrap>", line 953, in _find_and_load_unlocked
ModuleNotFoundError: No module named 'errors'

During handling of the above exception, another exception occurred:

Traceback (most recent call last):
  File "E:\djangoenv\TestDemo\lib\site-packages\django\core\handlers\exception.py", line 35, in inner
    response = get_response(request)
  File "E:\djangoenv\TestDemo\lib\site-packages\django\core\handlers\base.py", line 128, in _get_response
    response = self.process_exception_by_middleware(e, request)
  File "E:\djangoenv\TestDemo\lib\site-packages\django\core\handlers\base.py", line 126, in _get_response
    response = wrapped_callback(request, *callback_args, **callback_kwargs)
  File "E:\djangoenv\TestDemo\lib\site-packages\django\views\decorators\csrf.py", line 54, in wrapped_view
    return view_func(*args, **kwargs)
  File "E:\djangoenv\TestDemo\lib\site-packages\django\views\generic\base.py", line 69, in view
    return self.dispatch(request, *args, **kwargs)
  File "E:\djangoenv\TestDemo\lib\site-packages\rest_framework\views.py", line 500, in dispatch
    response = self.handle_exception(exc)
  File "E:\djangoenv\TestDemo\lib\site-packages\rest_framework\views.py", line 454, in handle_exception
    exception_handler = self.get_exception_handler()
  File "E:\djangoenv\TestDemo\lib\site-packages\rest_framework\views.py", line 298, in get_exception_handler
    return self.settings.EXCEPTION_HANDLER
  File "E:\djangoenv\TestDemo\lib\site-packages\rest_framework\settings.py", line 220, in __getattr__
    val = perform_import(val, attr)
  File "E:\djangoenv\TestDemo\lib\site-packages\rest_framework\settings.py", line 166, in perform_import
    return import_from_string(val, setting_name)
  File "E:\djangoenv\TestDemo\lib\site-packages\rest_framework\settings.py", line 180, in import_from_string
    raise ImportError(msg)
ImportError: Could not import 'errors.units.custom_exception_handler' for API setting 'EXCEPTION_HANDLER'. ModuleNotFoundError: No module named 'errors'.
ERROR 2020-12-03 20:57:23,878 basehttp 124 "GET /api/hdr/ HTTP/1.1" 500 141901
ERROR 2020-12-03 20:58:01,564 exception 118 Internal Server Error: /api/hdr/
Traceback (most recent call last):
  File "E:\djangoenv\TestDemo\lib\site-packages\rest_framework\views.py", line 497, in dispatch
    response = handler(request, *args, **kwargs)
  File "E:\djangoenv\TestDemo\lib\site-packages\rest_framework\generics.py", line 199, in get
    return self.list(request, *args, **kwargs)
  File "E:\djangoenv\TestDemo\lib\site-packages\rest_framework\mixins.py", line 38, in list
    queryset = self.filter_queryset(self.get_queryset())
  File "E:\djangoenv\TestDemo\lib\site-packages\rest_framework\generics.py", line 66, in get_queryset
    % self.__class__.__name__
AssertionError: 'NavApiView' should either include a `queryset` attribute, or override the `get_queryset()` method.

During handling of the above exception, another exception occurred:

Traceback (most recent call last):
  File "E:\djangoenv\TestDemo\lib\site-packages\rest_framework\settings.py", line 177, in import_from_string
    return import_string(val)
  File "E:\djangoenv\TestDemo\lib\site-packages\django\utils\module_loading.py", line 17, in import_string
    module = import_module(module_path)
  File "c:\users\¹ùÏþÁÖ\appdata\local\programs\python\python36\lib\importlib\__init__.py", line 126, in import_module
    return _bootstrap._gcd_import(name[level:], package, level)
  File "<frozen importlib._bootstrap>", line 994, in _gcd_import
  File "<frozen importlib._bootstrap>", line 971, in _find_and_load
  File "<frozen importlib._bootstrap>", line 941, in _find_and_load_unlocked
  File "<frozen importlib._bootstrap>", line 219, in _call_with_frames_removed
  File "<frozen importlib._bootstrap>", line 994, in _gcd_import
  File "<frozen importlib._bootstrap>", line 971, in _find_and_load
  File "<frozen importlib._bootstrap>", line 953, in _find_and_load_unlocked
ModuleNotFoundError: No module named 'errors'

During handling of the above exception, another exception occurred:

Traceback (most recent call last):
  File "E:\djangoenv\TestDemo\lib\site-packages\django\core\handlers\exception.py", line 35, in inner
    response = get_response(request)
  File "E:\djangoenv\TestDemo\lib\site-packages\django\core\handlers\base.py", line 128, in _get_response
    response = self.process_exception_by_middleware(e, request)
  File "E:\djangoenv\TestDemo\lib\site-packages\django\core\handlers\base.py", line 126, in _get_response
    response = wrapped_callback(request, *callback_args, **callback_kwargs)
  File "E:\djangoenv\TestDemo\lib\site-packages\django\views\decorators\csrf.py", line 54, in wrapped_view
    return view_func(*args, **kwargs)
  File "E:\djangoenv\TestDemo\lib\site-packages\django\views\generic\base.py", line 69, in view
    return self.dispatch(request, *args, **kwargs)
  File "E:\djangoenv\TestDemo\lib\site-packages\rest_framework\views.py", line 500, in dispatch
    response = self.handle_exception(exc)
  File "E:\djangoenv\TestDemo\lib\site-packages\rest_framework\views.py", line 454, in handle_exception
    exception_handler = self.get_exception_handler()
  File "E:\djangoenv\TestDemo\lib\site-packages\rest_framework\views.py", line 298, in get_exception_handler
    return self.settings.EXCEPTION_HANDLER
  File "E:\djangoenv\TestDemo\lib\site-packages\rest_framework\settings.py", line 220, in __getattr__
    val = perform_import(val, attr)
  File "E:\djangoenv\TestDemo\lib\site-packages\rest_framework\settings.py", line 166, in perform_import
    return import_from_string(val, setting_name)
  File "E:\djangoenv\TestDemo\lib\site-packages\rest_framework\settings.py", line 180, in import_from_string
    raise ImportError(msg)
ImportError: Could not import 'errors.units.custom_exception_handler' for API setting 'EXCEPTION_HANDLER'. ModuleNotFoundError: No module named 'errors'.
ERROR 2020-12-03 20:58:01,647 basehttp 124 "GET /api/hdr/ HTTP/1.1" 500 137475
ERROR 2020-12-03 20:58:18,075 exception 118 Internal Server Error: /api/hdr/
Traceback (most recent call last):
  File "E:\djangoenv\TestDemo\lib\site-packages\rest_framework\views.py", line 497, in dispatch
    response = handler(request, *args, **kwargs)
  File "E:\djangoenv\TestDemo\lib\site-packages\rest_framework\generics.py", line 199, in get
    return self.list(request, *args, **kwargs)
  File "E:\djangoenv\TestDemo\lib\site-packages\rest_framework\mixins.py", line 38, in list
    queryset = self.filter_queryset(self.get_queryset())
  File "E:\djangoenv\TestDemo\lib\site-packages\rest_framework\generics.py", line 66, in get_queryset
    % self.__class__.__name__
AssertionError: 'NavApiView' should either include a `queryset` attribute, or override the `get_queryset()` method.

During handling of the above exception, another exception occurred:

Traceback (most recent call last):
  File "E:\djangoenv\TestDemo\lib\site-packages\rest_framework\settings.py", line 177, in import_from_string
    return import_string(val)
  File "E:\djangoenv\TestDemo\lib\site-packages\django\utils\module_loading.py", line 17, in import_string
    module = import_module(module_path)
  File "c:\users\¹ùÏþÁÖ\appdata\local\programs\python\python36\lib\importlib\__init__.py", line 126, in import_module
    return _bootstrap._gcd_import(name[level:], package, level)
  File "<frozen importlib._bootstrap>", line 994, in _gcd_import
  File "<frozen importlib._bootstrap>", line 971, in _find_and_load
  File "<frozen importlib._bootstrap>", line 941, in _find_and_load_unlocked
  File "<frozen importlib._bootstrap>", line 219, in _call_with_frames_removed
  File "<frozen importlib._bootstrap>", line 994, in _gcd_import
  File "<frozen importlib._bootstrap>", line 971, in _find_and_load
  File "<frozen importlib._bootstrap>", line 953, in _find_and_load_unlocked
ModuleNotFoundError: No module named 'errors'

During handling of the above exception, another exception occurred:

Traceback (most recent call last):
  File "E:\djangoenv\TestDemo\lib\site-packages\django\core\handlers\exception.py", line 35, in inner
    response = get_response(request)
  File "E:\djangoenv\TestDemo\lib\site-packages\django\core\handlers\base.py", line 128, in _get_response
    response = self.process_exception_by_middleware(e, request)
  File "E:\djangoenv\TestDemo\lib\site-packages\django\core\handlers\base.py", line 126, in _get_response
    response = wrapped_callback(request, *callback_args, **callback_kwargs)
  File "E:\djangoenv\TestDemo\lib\site-packages\django\views\decorators\csrf.py", line 54, in wrapped_view
    return view_func(*args, **kwargs)
  File "E:\djangoenv\TestDemo\lib\site-packages\django\views\generic\base.py", line 69, in view
    return self.dispatch(request, *args, **kwargs)
  File "E:\djangoenv\TestDemo\lib\site-packages\rest_framework\views.py", line 500, in dispatch
    response = self.handle_exception(exc)
  File "E:\djangoenv\TestDemo\lib\site-packages\rest_framework\views.py", line 454, in handle_exception
    exception_handler = self.get_exception_handler()
  File "E:\djangoenv\TestDemo\lib\site-packages\rest_framework\views.py", line 298, in get_exception_handler
    return self.settings.EXCEPTION_HANDLER
  File "E:\djangoenv\TestDemo\lib\site-packages\rest_framework\settings.py", line 220, in __getattr__
    val = perform_import(val, attr)
  File "E:\djangoenv\TestDemo\lib\site-packages\rest_framework\settings.py", line 166, in perform_import
    return import_from_string(val, setting_name)
  File "E:\djangoenv\TestDemo\lib\site-packages\rest_framework\settings.py", line 180, in import_from_string
    raise ImportError(msg)
ImportError: Could not import 'errors.units.custom_exception_handler' for API setting 'EXCEPTION_HANDLER'. ModuleNotFoundError: No module named 'errors'.
ERROR 2020-12-03 20:58:18,157 basehttp 124 "GET /api/hdr/ HTTP/1.1" 500 137475
INFO 2020-12-03 21:00:14,063 basehttp 124 "GET /api/banner/ HTTP/1.1" 200 297
INFO 2020-12-03 21:00:39,678 basehttp 124 "GET /api/hdr/ HTTP/1.1" 200 297
INFO 2020-12-03 21:00:46,319 basehttp 124 "GET /api/banner/ HTTP/1.1" 200 297
INFO 2020-12-03 21:06:16,154 basehttp 124 "GET /api/hdr/ HTTP/1.1" 200 2
INFO 2020-12-03 21:06:30,027 basehttp 124 "GET /api/hdr/ HTTP/1.1" 200 5181
INFO 2020-12-03 21:06:40,944 basehttp 124 "GET /admin/ HTTP/1.1" 200 14776
ERROR 2020-12-03 21:06:40,948 basehttp 124 "GET /admin/ HTTP/1.1" 500 59
INFO 2020-12-03 21:06:44,437 basehttp 124 "GET /admin/ HTTP/1.1" 200 14776
INFO 2020-12-03 21:06:44,460 basehttp 124 "GET /static/xadmin/vendor/bootstrap/css/bootstrap.css HTTP/1.1" 304 0
INFO 2020-12-03 21:06:44,466 basehttp 124 "GET /static/xadmin/vendor/font-awesome/css/font-awesome.css HTTP/1.1" 304 0
INFO 2020-12-03 21:06:44,469 basehttp 124 "GET /static/xadmin/css/xadmin.main.css HTTP/1.1" 304 0
INFO 2020-12-03 21:06:44,482 basehttp 124 "GET /static/xadmin/css/xadmin.plugins.css HTTP/1.1" 304 0
INFO 2020-12-03 21:06:44,486 basehttp 124 "GET /static/xadmin/css/xadmin.responsive.css HTTP/1.1" 304 0
INFO 2020-12-03 21:06:44,489 basehttp 124 "GET /static/xadmin/css/xadmin.page.dashboard.css HTTP/1.1" 304 0
INFO 2020-12-03 21:06:44,502 basehttp 124 "GET /static/xadmin/vendor/jquery/jquery.js HTTP/1.1" 304 0
INFO 2020-12-03 21:06:44,516 basehttp 124 "GET /static/xadmin/vendor/jquery-ui/jquery.ui.core.js HTTP/1.1" 304 0
INFO 2020-12-03 21:06:44,529 basehttp 124 "GET /admin/jsi18n/ HTTP/1.1" 200 3185
INFO 2020-12-03 21:06:44,536 basehttp 124 "GET /static/xadmin/vendor/jquery-ui/jquery.ui.widget.js HTTP/1.1" 304 0
INFO 2020-12-03 21:06:44,546 basehttp 124 "GET /static/xadmin/vendor/jquery-ui/jquery.ui.mouse.js HTTP/1.1" 304 0
INFO 2020-12-03 21:06:44,552 basehttp 124 "GET /static/xadmin/vendor/jquery-ui/jquery.ui.sortable.js HTTP/1.1" 304 0
INFO 2020-12-03 21:06:44,566 basehttp 124 "GET /static/xadmin/vendor/bootstrap/js/bootstrap.js HTTP/1.1" 304 0
INFO 2020-12-03 21:06:44,593 basehttp 124 "GET /static/xadmin/js/xadmin.main.js HTTP/1.1" 304 0
INFO 2020-12-03 21:06:44,617 basehttp 124 "GET /static/xadmin/js/xadmin.responsive.js HTTP/1.1" 304 0
INFO 2020-12-03 21:06:44,626 basehttp 124 "GET /static/xadmin/vendor/jquery-ui/jquery.ui.effect.js HTTP/1.1" 304 0
INFO 2020-12-03 21:06:44,638 basehttp 124 "GET /static/xadmin/js/xadmin.plugin.themes.js HTTP/1.1" 304 0
INFO 2020-12-03 21:06:44,667 basehttp 124 "GET /static/xadmin/js/xadmin.page.dashboard.js HTTP/1.1" 304 0
INFO 2020-12-03 21:06:44,684 basehttp 124 "GET /static/xadmin/js/xadmin.plugin.portal.js HTTP/1.1" 304 0
INFO 2020-12-03 21:06:44,749 basehttp 124 "GET /static/xadmin/vendor/font-awesome/fonts/fontawesome-webfont.woff?v=4.0.3 HTTP/1.1" 304 0
INFO 2020-12-03 21:06:49,067 basehttp 124 "GET /admin/home/nav/ HTTP/1.1" 200 24756
INFO 2020-12-03 21:06:49,109 basehttp 124 "GET /static/xadmin/css/xadmin.form.css HTTP/1.1" 304 0
INFO 2020-12-03 21:06:49,122 basehttp 124 "GET /static/xadmin/js/xadmin.plugin.bookmark.js HTTP/1.1" 304 0
INFO 2020-12-03 21:06:49,130 basehttp 124 "GET /static/xadmin/js/xadmin.plugin.filters.js HTTP/1.1" 304 0
INFO 2020-12-03 21:06:49,140 basehttp 124 "GET /static/xadmin/js/xadmin.page.list.js HTTP/1.1" 304 0
INFO 2020-12-03 21:06:49,149 basehttp 124 "GET /admin/jsi18n/ HTTP/1.1" 200 3185
INFO 2020-12-03 21:06:49,150 basehttp 124 "GET /static/xadmin/js/xadmin.page.form.js HTTP/1.1" 304 0
INFO 2020-12-03 21:06:49,165 basehttp 124 "GET /static/xadmin/js/xadmin.plugin.details.js HTTP/1.1" 304 0
INFO 2020-12-03 21:06:50,956 basehttp 124 "GET /admin/home/nav/add/ HTTP/1.1" 200 19150
INFO 2020-12-03 21:06:51,006 basehttp 124 "GET /static/xadmin/vendor/select2/select2.css HTTP/1.1" 200 19226
INFO 2020-12-03 21:06:51,027 basehttp 124 "GET /static/xadmin/vendor/selectize/selectize.css HTTP/1.1" 200 8425
INFO 2020-12-03 21:06:51,032 basehttp 124 "GET /static/xadmin/vendor/selectize/selectize.bootstrap3.css HTTP/1.1" 200 10602
INFO 2020-12-03 21:06:51,040 basehttp 124 "GET /static/xadmin/vendor/selectize/selectize.js HTTP/1.1" 200 98602
INFO 2020-12-03 21:06:51,049 basehttp 124 "GET /static/xadmin/vendor/select2/select2.js HTTP/1.1" 200 104906
INFO 2020-12-03 21:06:51,073 basehttp 124 "GET /admin/jsi18n/ HTTP/1.1" 200 3185
WARNING 2020-12-03 21:06:51,087 basehttp 124 "GET /static/xadmin/vendor/select2/select2_locale_en-us.js HTTP/1.1" 404 1759
INFO 2020-12-03 21:06:51,088 basehttp 124 "GET /static/xadmin/js/xadmin.widget.select.js HTTP/1.1" 200 1344
INFO 2020-12-03 21:07:15,192 basehttp 124 "POST /admin/home/nav/add/ HTTP/1.1" 302 0
INFO 2020-12-03 21:07:15,351 basehttp 124 "GET /admin/home/nav/add/ HTTP/1.1" 200 19495
WARNING 2020-12-03 21:07:15,417 basehttp 124 "GET /static/xadmin/vendor/select2/select2_locale_en-us.js HTTP/1.1" 404 1759
INFO 2020-12-03 21:07:15,424 basehttp 124 "GET /admin/jsi18n/ HTTP/1.1" 200 3185
WARNING 2020-12-03 21:07:15,498 basehttp 124 "GET /static/xadmin/vendor/select2/select2_locale_en-us.js HTTP/1.1" 404 1759
INFO 2020-12-03 21:08:18,175 basehttp 124 "POST /admin/home/nav/add/ HTTP/1.1" 302 0
INFO 2020-12-03 21:08:18,313 basehttp 124 "GET /admin/home/nav/add/ HTTP/1.1" 200 19495
WARNING 2020-12-03 21:08:18,385 basehttp 124 "GET /static/xadmin/vendor/select2/select2_locale_en-us.js HTTP/1.1" 404 1759
INFO 2020-12-03 21:08:18,395 basehttp 124 "GET /admin/jsi18n/ HTTP/1.1" 200 3185
WARNING 2020-12-03 21:08:18,451 basehttp 124 "GET /static/xadmin/vendor/select2/select2_locale_en-us.js HTTP/1.1" 404 1759
INFO 2020-12-03 21:08:40,386 basehttp 124 "POST /admin/home/nav/add/ HTTP/1.1" 302 0
INFO 2020-12-03 21:08:40,526 basehttp 124 "GET /admin/home/nav/add/ HTTP/1.1" 200 19495
WARNING 2020-12-03 21:08:40,596 basehttp 124 "GET /static/xadmin/vendor/select2/select2_locale_en-us.js HTTP/1.1" 404 1759
INFO 2020-12-03 21:08:40,614 basehttp 124 "GET /admin/jsi18n/ HTTP/1.1" 200 3185
WARNING 2020-12-03 21:08:40,661 basehttp 124 "GET /static/xadmin/vendor/select2/select2_locale_en-us.js HTTP/1.1" 404 1759
INFO 2020-12-03 21:08:43,541 basehttp 124 "GET /admin/home/nav/add/ HTTP/1.1" 200 19150
INFO 2020-12-03 21:08:45,762 basehttp 124 "POST /admin/home/nav/add/ HTTP/1.1" 302 0
INFO 2020-12-03 21:08:45,866 basehttp 124 "GET /admin/home/nav/ HTTP/1.1" 200 30538
INFO 2020-12-03 21:08:45,925 basehttp 124 "GET /static/xadmin/js/xadmin.plugin.actions.js HTTP/1.1" 304 0
INFO 2020-12-03 21:08:45,940 basehttp 124 "GET /admin/jsi18n/ HTTP/1.1" 200 3185
INFO 2020-12-03 21:09:12,877 basehttp 124 "GET /admin/home/nav/4/update/ HTTP/1.1" 200 19480
WARNING 2020-12-03 21:09:12,962 basehttp 124 "GET /static/xadmin/vendor/select2/select2_locale_en-us.js HTTP/1.1" 404 1759
INFO 2020-12-03 21:09:12,962 basehttp 124 "GET /admin/jsi18n/ HTTP/1.1" 200 3185
WARNING 2020-12-03 21:09:13,018 basehttp 124 "GET /static/xadmin/vendor/select2/select2_locale_en-us.js HTTP/1.1" 404 1759
INFO 2020-12-03 21:09:17,976 basehttp 124 "GET /admin/home/nav/ HTTP/1.1" 200 30230
INFO 2020-12-03 21:09:22,807 basehttp 124 "POST /admin/home/nav/ HTTP/1.1" 200 15062
INFO 2020-12-03 21:09:22,855 basehttp 124 "GET /admin/jsi18n/ HTTP/1.1" 200 3185
INFO 2020-12-03 21:09:24,425 basehttp 124 "POST /admin/home/nav/ HTTP/1.1" 302 0
INFO 2020-12-03 21:09:24,526 basehttp 124 "GET /admin/home/nav/ HTTP/1.1" 200 29874
INFO 2020-12-03 21:09:24,590 basehttp 124 "GET /admin/jsi18n/ HTTP/1.1" 200 3185
INFO 2020-12-03 21:09:39,428 basehttp 124 "GET /api/hdr/ HTTP/1.1" 200 160
INFO 2020-12-03 21:16:36,018 basehttp 124 "GET /api/banner/ HTTP/1.1" 200 297
INFO 2020-12-03 21:16:36,043 basehttp 124 "GET /media/banner/t010e7db80af237bb71_UtE0uym.jpg HTTP/1.1" 304 0
INFO 2020-12-03 21:16:36,059 basehttp 124 "GET /media/banner/4xzr7l_qgrF6Ub.jpg HTTP/1.1" 304 0
INFO 2020-12-03 21:16:36,061 basehttp 124 "GET /media/banner/0wyek6_85aeWdy.jpg HTTP/1.1" 304 0
INFO 2020-12-03 21:17:01,114 basehttp 124 "GET /api/hdr/ HTTP/1.1" 200 160
INFO 2020-12-03 21:17:02,960 basehttp 124 "GET /api/hdr/ HTTP/1.1" 200 160
INFO 2020-12-03 21:17:02,975 basehttp 124 "GET /api/banner/ HTTP/1.1" 200 297
INFO 2020-12-03 21:28:23,021 basehttp 124 "GET /admin/home/nav/add/ HTTP/1.1" 200 19150
INFO 2020-12-03 21:28:23,059 basehttp 124 "GET /static/xadmin/vendor/bootstrap/css/bootstrap.css HTTP/1.1" 304 0
INFO 2020-12-03 21:28:23,086 basehttp 124 "GET /static/xadmin/vendor/font-awesome/css/font-awesome.css HTTP/1.1" 304 0
INFO 2020-12-03 21:28:23,104 basehttp 124 "GET /static/xadmin/css/xadmin.main.css HTTP/1.1" 304 0
INFO 2020-12-03 21:28:23,108 basehttp 124 "GET /static/xadmin/css/xadmin.plugins.css HTTP/1.1" 304 0
INFO 2020-12-03 21:28:23,111 basehttp 124 "GET /static/xadmin/css/xadmin.responsive.css HTTP/1.1" 304 0
INFO 2020-12-03 21:28:23,114 basehttp 124 "GET /static/xadmin/vendor/select2/select2.css HTTP/1.1" 304 0
INFO 2020-12-03 21:28:23,115 basehttp 124 "GET /static/xadmin/vendor/selectize/selectize.css HTTP/1.1" 304 0
INFO 2020-12-03 21:28:23,119 basehttp 124 "GET /static/xadmin/vendor/selectize/selectize.bootstrap3.css HTTP/1.1" 304 0
INFO 2020-12-03 21:28:23,127 basehttp 124 "GET /static/xadmin/vendor/jquery/jquery.js HTTP/1.1" 304 0
INFO 2020-12-03 21:28:23,138 basehttp 124 "GET /static/xadmin/css/xadmin.form.css HTTP/1.1" 304 0
INFO 2020-12-03 21:28:23,145 basehttp 124 "GET /static/xadmin/vendor/jquery-ui/jquery.ui.core.js HTTP/1.1" 304 0
INFO 2020-12-03 21:28:23,146 basehttp 124 "GET /static/xadmin/vendor/jquery-ui/jquery.ui.widget.js HTTP/1.1" 304 0
INFO 2020-12-03 21:28:23,155 basehttp 124 "GET /admin/jsi18n/ HTTP/1.1" 200 3185
INFO 2020-12-03 21:28:23,162 basehttp 124 "GET /static/xadmin/vendor/jquery-ui/jquery.ui.mouse.js HTTP/1.1" 304 0
INFO 2020-12-03 21:28:23,166 basehttp 124 "GET /static/xadmin/vendor/jquery-ui/jquery.ui.sortable.js HTTP/1.1" 304 0
INFO 2020-12-03 21:28:23,172 basehttp 124 "GET /static/xadmin/js/xadmin.main.js HTTP/1.1" 304 0
INFO 2020-12-03 21:28:23,173 basehttp 124 "GET /static/xadmin/js/xadmin.responsive.js HTTP/1.1" 304 0
INFO 2020-12-03 21:28:23,174 basehttp 124 "GET /static/xadmin/vendor/jquery-ui/jquery.ui.effect.js HTTP/1.1" 304 0
INFO 2020-12-03 21:28:23,179 basehttp 124 "GET /static/xadmin/js/xadmin.plugin.themes.js HTTP/1.1" 304 0
INFO 2020-12-03 21:28:23,183 basehttp 124 "GET /static/xadmin/js/xadmin.plugin.portal.js HTTP/1.1" 304 0
INFO 2020-12-03 21:28:23,194 basehttp 124 "GET /static/xadmin/vendor/selectize/selectize.js HTTP/1.1" 304 0
WARNING 2020-12-03 21:28:23,205 basehttp 124 "GET /static/xadmin/vendor/select2/select2_locale_en-us.js HTTP/1.1" 404 1759
INFO 2020-12-03 21:28:23,222 basehttp 124 "GET /static/xadmin/vendor/select2/select2.js HTTP/1.1" 304 0
INFO 2020-12-03 21:28:23,242 basehttp 124 "GET /static/xadmin/js/xadmin.widget.select.js HTTP/1.1" 304 0
INFO 2020-12-03 21:28:23,260 basehttp 124 "GET /static/xadmin/js/xadmin.page.form.js HTTP/1.1" 304 0
INFO 2020-12-03 21:28:23,265 basehttp 124 "GET /static/xadmin/vendor/bootstrap/js/bootstrap.js HTTP/1.1" 304 0
INFO 2020-12-03 21:28:23,275 basehttp 124 "GET /static/xadmin/vendor/font-awesome/fonts/fontawesome-webfont.woff?v=4.0.3 HTTP/1.1" 304 0
WARNING 2020-12-03 21:28:23,387 basehttp 124 "GET /static/xadmin/vendor/select2/select2_locale_en-us.js HTTP/1.1" 404 1759
INFO 2020-12-03 21:29:27,689 basehttp 124 "POST /admin/home/nav/add/ HTTP/1.1" 302 0
INFO 2020-12-03 21:29:27,832 basehttp 124 "GET /admin/home/nav/add/ HTTP/1.1" 200 19495
WARNING 2020-12-03 21:29:27,925 basehttp 124 "GET /static/xadmin/vendor/select2/select2_locale_en-us.js HTTP/1.1" 404 1759
INFO 2020-12-03 21:29:27,927 basehttp 124 "GET /admin/jsi18n/ HTTP/1.1" 200 3185
WARNING 2020-12-03 21:29:28,077 basehttp 124 "GET /static/xadmin/vendor/select2/select2_locale_en-us.js HTTP/1.1" 404 1759
INFO 2020-12-03 21:29:58,936 basehttp 124 "POST /admin/home/nav/add/ HTTP/1.1" 302 0
INFO 2020-12-03 21:29:59,077 basehttp 124 "GET /admin/home/nav/add/ HTTP/1.1" 200 19495
WARNING 2020-12-03 21:29:59,154 basehttp 124 "GET /static/xadmin/vendor/select2/select2_locale_en-us.js HTTP/1.1" 404 1759
INFO 2020-12-03 21:29:59,173 basehttp 124 "GET /admin/jsi18n/ HTTP/1.1" 200 3185
WARNING 2020-12-03 21:29:59,248 basehttp 124 "GET /static/xadmin/vendor/select2/select2_locale_en-us.js HTTP/1.1" 404 1759
INFO 2020-12-03 21:30:29,203 basehttp 124 "POST /admin/home/nav/add/ HTTP/1.1" 302 0
INFO 2020-12-03 21:30:29,322 basehttp 124 "GET /admin/home/nav/ HTTP/1.1" 200 31715
INFO 2020-12-03 21:30:29,422 basehttp 124 "GET /static/xadmin/js/xadmin.plugin.details.js HTTP/1.1" 304 0
INFO 2020-12-03 21:30:29,422 basehttp 124 "GET /static/xadmin/js/xadmin.plugin.bookmark.js HTTP/1.1" 304 0
INFO 2020-12-03 21:30:29,429 basehttp 124 "GET /static/xadmin/js/xadmin.plugin.filters.js HTTP/1.1" 304 0
INFO 2020-12-03 21:30:29,434 basehttp 124 "GET /static/xadmin/js/xadmin.plugin.actions.js HTTP/1.1" 304 0
INFO 2020-12-03 21:30:29,436 basehttp 124 "GET /static/xadmin/js/xadmin.page.list.js HTTP/1.1" 304 0
INFO 2020-12-03 21:30:29,455 basehttp 124 "GET /admin/jsi18n/ HTTP/1.1" 200 3185
INFO 2020-12-03 21:30:35,354 basehttp 124 "GET /admin/home/nav/add/ HTTP/1.1" 200 19150
WARNING 2020-12-03 21:30:35,412 basehttp 124 "GET /static/xadmin/vendor/select2/select2_locale_en-us.js HTTP/1.1" 404 1759
INFO 2020-12-03 21:30:35,424 basehttp 124 "GET /admin/jsi18n/ HTTP/1.1" 200 3185
WARNING 2020-12-03 21:30:35,488 basehttp 124 "GET /static/xadmin/vendor/select2/select2_locale_en-us.js HTTP/1.1" 404 1759
INFO 2020-12-03 21:30:48,377 basehttp 124 "POST /admin/home/nav/add/ HTTP/1.1" 302 0
INFO 2020-12-03 21:30:48,494 basehttp 124 "GET /admin/home/nav/ HTTP/1.1" 200 32301
INFO 2020-12-03 21:30:48,579 basehttp 124 "GET /admin/jsi18n/ HTTP/1.1" 200 3185
INFO 2020-12-03 21:30:52,733 basehttp 124 "GET /admin/home/nav/8/update/ HTTP/1.1" 200 19475
INFO 2020-12-03 21:30:52,788 basehttp 124 "GET /admin/jsi18n/ HTTP/1.1" 200 3185
WARNING 2020-12-03 21:30:52,819 basehttp 124 "GET /static/xadmin/vendor/select2/select2_locale_en-us.js HTTP/1.1" 404 1759
INFO 2020-12-03 21:30:55,582 basehttp 124 "POST /admin/home/nav/8/update/ HTTP/1.1" 302 0
INFO 2020-12-03 21:30:55,705 basehttp 124 "GET /admin/home/nav/ HTTP/1.1" 200 32245
INFO 2020-12-03 21:30:55,779 basehttp 124 "GET /admin/jsi18n/ HTTP/1.1" 200 3185
INFO 2020-12-03 21:30:58,998 basehttp 124 "GET /admin/home/nav/add/ HTTP/1.1" 200 19150
INFO 2020-12-03 21:30:59,077 basehttp 124 "GET /admin/jsi18n/ HTTP/1.1" 200 3185
WARNING 2020-12-03 21:30:59,089 basehttp 124 "GET /static/xadmin/vendor/select2/select2_locale_en-us.js HTTP/1.1" 404 1759
WARNING 2020-12-03 21:30:59,152 basehttp 124 "GET /static/xadmin/vendor/select2/select2_locale_en-us.js HTTP/1.1" 404 1759
INFO 2020-12-03 21:31:19,340 basehttp 124 "POST /admin/home/nav/add/ HTTP/1.1" 302 0
INFO 2020-12-03 21:31:19,462 basehttp 124 "GET /admin/home/nav/ HTTP/1.1" 200 32888
INFO 2020-12-03 21:31:19,552 basehttp 124 "GET /admin/jsi18n/ HTTP/1.1" 200 3185
INFO 2020-12-03 21:32:49,645 basehttp 124 "GET /api/foot/ HTTP/1.1" 200 227
INFO 2020-12-03 21:36:50,456 basehttp 124 "GET /api/foot/ HTTP/1.1" 200 227
INFO 2020-12-03 21:36:54,211 basehttp 124 "GET /api/hdr/ HTTP/1.1" 200 160
INFO 2020-12-03 21:36:54,226 basehttp 124 "GET /api/foot/ HTTP/1.1" 200 227
INFO 2020-12-03 21:36:54,227 basehttp 124 "GET /api/banner/ HTTP/1.1" 200 297
INFO 2020-12-03 21:36:54,263 basehttp 124 "GET /media/banner/t010e7db80af237bb71_UtE0uym.jpg HTTP/1.1" 304 0
INFO 2020-12-03 21:36:54,268 basehttp 124 "GET /media/banner/4xzr7l_qgrF6Ub.jpg HTTP/1.1" 304 0
INFO 2020-12-03 21:36:54,269 basehttp 124 "GET /media/banner/0wyek6_85aeWdy.jpg HTTP/1.1" 304 0
INFO 2020-12-03 21:37:26,965 basehttp 124 "GET /api/foot/ HTTP/1.1" 200 227
INFO 2020-12-03 21:37:27,940 basehttp 124 "GET /api/hdr/ HTTP/1.1" 200 160
INFO 2020-12-03 21:37:27,950 basehttp 124 "GET /api/foot/ HTTP/1.1" 200 227
INFO 2020-12-03 21:37:27,962 basehttp 124 "GET /api/banner/ HTTP/1.1" 200 297
INFO 2020-12-03 21:38:00,922 basehttp 124 "GET /api/banner/ HTTP/1.1" 200 297
INFO 2020-12-03 21:38:00,926 basehttp 124 "GET /api/hdr/ HTTP/1.1" 200 160
INFO 2020-12-03 21:38:00,940 basehttp 124 "GET /api/foot/ HTTP/1.1" 200 227
INFO 2020-12-03 21:40:31,241 basehttp 124 "GET /api/hdr/ HTTP/1.1" 200 160
INFO 2020-12-03 21:40:31,243 basehttp 124 "GET /api/banner/ HTTP/1.1" 200 297
INFO 2020-12-03 21:40:31,253 basehttp 124 "GET /api/foot/ HTTP/1.1" 200 227
INFO 2020-12-03 21:40:55,610 basehttp 124 "GET /api/hdr/ HTTP/1.1" 200 160
INFO 2020-12-03 21:40:55,621 basehttp 124 "GET /api/banner/ HTTP/1.1" 200 297
INFO 2020-12-03 21:40:55,631 basehttp 124 "GET /api/foot/ HTTP/1.1" 200 227
INFO 2020-12-03 21:42:16,511 basehttp 124 "GET /api/banner/ HTTP/1.1" 200 297
INFO 2020-12-03 21:42:16,511 basehttp 124 "GET /api/hdr/ HTTP/1.1" 200 160
INFO 2020-12-03 21:42:16,524 basehttp 124 "GET /api/foot/ HTTP/1.1" 200 227
INFO 2020-12-03 21:43:41,829 basehttp 124 "GET /api/banner/ HTTP/1.1" 200 297
INFO 2020-12-03 21:43:41,830 basehttp 124 "GET /api/hdr/ HTTP/1.1" 200 160
INFO 2020-12-03 21:43:41,845 basehttp 124 "GET /api/foot/ HTTP/1.1" 200 227
INFO 2020-12-03 21:43:50,467 basehttp 124 "GET /api/hdr/ HTTP/1.1" 200 160
INFO 2020-12-03 21:43:50,474 basehttp 124 "GET /api/foot/ HTTP/1.1" 200 227
INFO 2020-12-03 21:43:50,485 basehttp 124 "GET /api/banner/ HTTP/1.1" 200 297
INFO 2020-12-03 21:43:52,351 basehttp 124 "GET /api/hdr/ HTTP/1.1" 200 160
INFO 2020-12-03 21:43:52,361 basehttp 124 "GET /api/banner/ HTTP/1.1" 200 297
INFO 2020-12-03 21:43:52,381 basehttp 124 "GET /api/foot/ HTTP/1.1" 200 227
INFO 2020-12-03 21:44:03,271 basehttp 124 "GET /api/hdr/ HTTP/1.1" 200 160
INFO 2020-12-03 21:44:03,279 basehttp 124 "GET /api/banner/ HTTP/1.1" 200 297
INFO 2020-12-03 21:44:03,301 basehttp 124 "GET /api/foot/ HTTP/1.1" 200 227
INFO 2020-12-03 21:44:09,564 basehttp 124 "GET /api/hdr/ HTTP/1.1" 200 160
INFO 2020-12-03 21:44:09,565 basehttp 124 "GET /api/banner/ HTTP/1.1" 200 297
INFO 2020-12-03 21:44:09,570 basehttp 124 "GET /api/foot/ HTTP/1.1" 200 227
INFO 2020-12-03 21:44:12,008 basehttp 124 "GET /api/hdr/ HTTP/1.1" 200 160
INFO 2020-12-03 21:44:12,040 basehttp 124 "GET /api/banner/ HTTP/1.1" 200 297
INFO 2020-12-03 21:44:12,054 basehttp 124 "GET /api/foot/ HTTP/1.1" 200 227
INFO 2020-12-03 21:44:41,248 basehttp 124 "GET /api/hdr/ HTTP/1.1" 200 160
INFO 2020-12-03 21:44:41,252 basehttp 124 "GET /api/banner/ HTTP/1.1" 200 297
INFO 2020-12-03 21:44:41,253 basehttp 124 "GET /api/foot/ HTTP/1.1" 200 227
INFO 2020-12-03 21:44:41,575 basehttp 124 "GET /api/hdr/ HTTP/1.1" 200 160
INFO 2020-12-03 21:44:41,605 basehttp 124 "GET /api/banner/ HTTP/1.1" 200 297
INFO 2020-12-03 21:44:41,616 basehttp 124 "GET /api/foot/ HTTP/1.1" 200 227
INFO 2020-12-03 21:45:42,561 basehttp 124 "GET /api/hdr/ HTTP/1.1" 200 160
INFO 2020-12-03 21:45:42,573 basehttp 124 "GET /api/banner/ HTTP/1.1" 200 297
INFO 2020-12-03 21:45:42,577 basehttp 124 "GET /api/foot/ HTTP/1.1" 200 227
WARNING 2020-12-03 21:45:55,404 base 93 Not Found: /
WARNING 2020-12-03 21:45:55,406 basehttp 124 "GET / HTTP/1.1" 404 2152
WARNING 2020-12-03 21:45:55,638 base 93 Not Found: /favicon.ico
WARNING 2020-12-03 21:45:55,639 basehttp 124 "GET /favicon.ico HTTP/1.1" 404 2203
INFO 2020-12-03 21:46:06,294 basehttp 124 "GET /admin/ HTTP/1.1" 200 14776
INFO 2020-12-03 21:46:06,323 basehttp 124 "GET /static/xadmin/vendor/bootstrap/css/bootstrap.css HTTP/1.1" 304 0
INFO 2020-12-03 21:46:06,339 basehttp 124 "GET /static/xadmin/vendor/font-awesome/css/font-awesome.css HTTP/1.1" 304 0
INFO 2020-12-03 21:46:06,349 basehttp 124 "GET /static/xadmin/css/xadmin.main.css HTTP/1.1" 304 0
INFO 2020-12-03 21:46:06,360 basehttp 124 "GET /static/xadmin/css/xadmin.plugins.css HTTP/1.1" 304 0
INFO 2020-12-03 21:46:06,363 basehttp 124 "GET /static/xadmin/css/xadmin.responsive.css HTTP/1.1" 304 0
INFO 2020-12-03 21:46:06,375 basehttp 124 "GET /static/xadmin/css/xadmin.page.dashboard.css HTTP/1.1" 304 0
INFO 2020-12-03 21:46:06,384 basehttp 124 "GET /static/xadmin/vendor/jquery/jquery.js HTTP/1.1" 304 0
INFO 2020-12-03 21:46:06,397 basehttp 124 "GET /static/xadmin/vendor/jquery-ui/jquery.ui.core.js HTTP/1.1" 304 0
INFO 2020-12-03 21:46:06,417 basehttp 124 "GET /static/xadmin/vendor/jquery-ui/jquery.ui.widget.js HTTP/1.1" 304 0
INFO 2020-12-03 21:46:06,418 basehttp 124 "GET /admin/jsi18n/ HTTP/1.1" 200 3185
INFO 2020-12-03 21:46:06,435 basehttp 124 "GET /static/xadmin/vendor/jquery-ui/jquery.ui.mouse.js HTTP/1.1" 304 0
INFO 2020-12-03 21:46:06,439 basehttp 124 "GET /static/xadmin/vendor/jquery-ui/jquery.ui.sortable.js HTTP/1.1" 304 0
INFO 2020-12-03 21:46:06,463 basehttp 124 "GET /static/xadmin/vendor/bootstrap/js/bootstrap.js HTTP/1.1" 304 0
INFO 2020-12-03 21:46:06,468 basehttp 124 "GET /static/xadmin/js/xadmin.main.js HTTP/1.1" 304 0
INFO 2020-12-03 21:46:06,552 basehttp 124 "GET /static/xadmin/js/xadmin.responsive.js HTTP/1.1" 304 0
INFO 2020-12-03 21:46:06,568 basehttp 124 "GET /static/xadmin/vendor/jquery-ui/jquery.ui.effect.js HTTP/1.1" 304 0
INFO 2020-12-03 21:46:06,601 basehttp 124 "GET /static/xadmin/js/xadmin.plugin.themes.js HTTP/1.1" 304 0
INFO 2020-12-03 21:46:06,618 basehttp 124 "GET /static/xadmin/js/xadmin.page.dashboard.js HTTP/1.1" 304 0
INFO 2020-12-03 21:46:06,623 basehttp 124 "GET /static/xadmin/js/xadmin.plugin.portal.js HTTP/1.1" 304 0
INFO 2020-12-03 21:46:06,912 basehttp 124 "GET /static/xadmin/vendor/font-awesome/fonts/fontawesome-webfont.woff?v=4.0.3 HTTP/1.1" 304 0
INFO 2020-12-03 21:46:09,847 basehttp 124 "GET /admin/home/banner/ HTTP/1.1" 200 29514
INFO 2020-12-03 21:46:09,875 basehttp 124 "GET /static/xadmin/css/xadmin.form.css HTTP/1.1" 304 0
INFO 2020-12-03 21:46:09,901 basehttp 124 "GET /static/xadmin/js/xadmin.page.form.js HTTP/1.1" 304 0
INFO 2020-12-03 21:46:09,923 basehttp 124 "GET /admin/jsi18n/ HTTP/1.1" 200 3185
INFO 2020-12-03 21:46:13,670 basehttp 124 "GET /admin/home/nav/ HTTP/1.1" 200 32580
INFO 2020-12-03 21:46:13,714 basehttp 124 "GET /admin/jsi18n/ HTTP/1.1" 200 3185
INFO 2020-12-03 21:46:18,452 basehttp 124 "GET /admin/home/nav/add/ HTTP/1.1" 200 19150
INFO 2020-12-03 21:46:18,484 basehttp 124 "GET /static/xadmin/vendor/select2/select2.css HTTP/1.1" 304 0
INFO 2020-12-03 21:46:18,509 basehttp 124 "GET /static/xadmin/vendor/selectize/selectize.css HTTP/1.1" 304 0
INFO 2020-12-03 21:46:18,517 basehttp 124 "GET /static/xadmin/vendor/selectize/selectize.bootstrap3.css HTTP/1.1" 304 0
INFO 2020-12-03 21:46:18,529 basehttp 124 "GET /static/xadmin/vendor/selectize/selectize.js HTTP/1.1" 304 0
INFO 2020-12-03 21:46:18,545 basehttp 124 "GET /static/xadmin/vendor/select2/select2.js HTTP/1.1" 304 0
INFO 2020-12-03 21:46:18,551 basehttp 124 "GET /admin/jsi18n/ HTTP/1.1" 200 3185
INFO 2020-12-03 21:46:18,557 basehttp 124 "GET /static/xadmin/js/xadmin.widget.select.js HTTP/1.1" 304 0
WARNING 2020-12-03 21:46:18,559 basehttp 124 "GET /static/xadmin/vendor/select2/select2_locale_en-us.js HTTP/1.1" 404 1759
WARNING 2020-12-03 21:46:18,616 basehttp 124 "GET /static/xadmin/vendor/select2/select2_locale_en-us.js HTTP/1.1" 404 1759
INFO 2020-12-03 21:46:34,841 basehttp 124 "POST /admin/home/nav/add/ HTTP/1.1" 302 0
INFO 2020-12-03 21:46:34,965 basehttp 124 "GET /admin/home/nav/ HTTP/1.1" 200 33476
INFO 2020-12-03 21:46:35,038 basehttp 124 "GET /admin/jsi18n/ HTTP/1.1" 200 3185
INFO 2020-12-03 21:46:43,264 basehttp 124 "GET /api/hdr/ HTTP/1.1" 200 213
INFO 2020-12-03 21:46:43,288 basehttp 124 "GET /api/banner/ HTTP/1.1" 200 297
INFO 2020-12-03 21:46:43,315 basehttp 124 "GET /api/foot/ HTTP/1.1" 200 227
